[01:13:40] [Craft Scheduler Thread - 12374/INFO]: [MobsToEggs] ----- MTE VERSION CONTROL -----
[01:13:40] [Craft Scheduler Thread - 12374/INFO]: [MobsToEggs] A new version of MobsToEggs is available for download at https://modrinth.com/plugin/mobstoeggs/version/1.7.13
[01:13:40] [Craft Scheduler Thread - 12374/INFO]: [MobsToEggs] Your version: 1.7.11 | New version: 1.7.13
[01:13:40] [Craft Scheduler Thread - 12374/INFO]: [MobsToEggs] ----- MTE VERSION CONTROL -----
[04:25:04] [Netty Epoll Server IO #1/ERROR]: Error sending packet clientbound/minecraft:disconnect
io.netty.handler.codec.EncoderException: Sending unknown packet 'clientbound/minecraft:disconnect'
	at net.minecraft.network.codec.IdDispatchCodec.a(SourceFile:47) ~[spigot-1.21-R0.1-SNAPSHOT.jar:4223-Spigot-146439e-d01c70e]
	at net.minecraft.network.codec.IdDispatchCodec.encode(SourceFile:14) ~[spigot-1.21-R0.1-SNAPSHOT.jar:4223-Spigot-146439e-d01c70e]
	at net.minecraft.network.PacketEncoder.a(SourceFile:26) ~[spigot-1.21-R0.1-SNAPSHOT.jar:4223-Spigot-146439e-d01c70e]
	at net.minecraft.network.PacketEncoder.encode(SourceFile:12) ~[spigot-1.21-R0.1-SNAPSHOT.jar:4223-Spigot-146439e-d01c70e]
	at io.netty.handler.codec.MessageToByteEncoder.write(MessageToByteEncoder.java:107) ~[netty-codec-4.1.97.Final.jar:4.1.97.Final]
	at io.netty.channel.AbstractChannelHandlerContext.invokeWrite0(AbstractChannelHandlerContext.java:881) ~[netty-transport-4.1.97.Final.jar:4.1.97.Final]
	at io.netty.channel.AbstractChannelHandlerContext.invokeWrite(AbstractChannelHandlerContext.java:863) ~[netty-transport-4.1.97.Final.jar:4.1.97.Final]
	at io.netty.channel.AbstractChannelHandlerContext.write(AbstractChannelHandlerContext.java:968) ~[netty-transport-4.1.97.Final.jar:4.1.97.Final]
	at io.netty.channel.AbstractChannelHandlerContext.write(AbstractChannelHandlerContext.java:856) ~[netty-transport-4.1.97.Final.jar:4.1.97.Final]
	at io.netty.handler.codec.MessageToByteEncoder.write(MessageToByteEncoder.java:120) ~[netty-codec-4.1.97.Final.jar:4.1.97.Final]
	at io.netty.channel.AbstractChannelHandlerContext.invokeWrite0(AbstractChannelHandlerContext.java:881) ~[netty-transport-4.1.97.Final.jar:4.1.97.Final]
	at io.netty.channel.AbstractChannelHandlerContext.invokeWrite(AbstractChannelHandlerContext.java:863) ~[netty-transport-4.1.97.Final.jar:4.1.97.Final]
	at io.netty.channel.AbstractChannelHandlerContext.write(AbstractChannelHandlerContext.java:968) ~[netty-transport-4.1.97.Final.jar:4.1.97.Final]
	at io.netty.channel.AbstractChannelHandlerContext.write(AbstractChannelHandlerContext.java:856) ~[netty-transport-4.1.97.Final.jar:4.1.97.Final]
	at io.netty.channel.ChannelOutboundHandlerAdapter.write(ChannelOutboundHandlerAdapter.java:113) ~[netty-transport-4.1.97.Final.jar:4.1.97.Final]
	at net.minecraft.network.NetworkManager$2.write(NetworkManager.java:555) ~[spigot-1.21-R0.1-SNAPSHOT.jar:4223-Spigot-146439e-d01c70e]
	at io.netty.channel.AbstractChannelHandlerContext.invokeWrite0(AbstractChannelHandlerContext.java:881) ~[netty-transport-4.1.97.Final.jar:4.1.97.Final]
	at io.netty.channel.AbstractChannelHandlerContext.invokeWriteAndFlush(AbstractChannelHandlerContext.java:940) ~[netty-transport-4.1.97.Final.jar:4.1.97.Final]
	at io.netty.channel.AbstractChannelHandlerContext.write(AbstractChannelHandlerContext.java:966) ~[netty-transport-4.1.97.Final.jar:4.1.97.Final]
	at io.netty.channel.AbstractChannelHandlerContext.writeAndFlush(AbstractChannelHandlerContext.java:934) ~[netty-transport-4.1.97.Final.jar:4.1.97.Final]
	at io.netty.channel.DefaultChannelPipeline.writeAndFlush(DefaultChannelPipeline.java:1020) ~[netty-transport-4.1.97.Final.jar:4.1.97.Final]
	at io.netty.channel.AbstractChannel.writeAndFlush(AbstractChannel.java:311) ~[netty-transport-4.1.97.Final.jar:4.1.97.Final]
	at com.comphenix.protocol.injector.netty.channel.NettyChannelProxy.lambda$writeAndFlush$1(NettyChannelProxy.java:223) ~[?:?]
	at com.comphenix.protocol.injector.netty.channel.NettyChannelProxy.lambda$processPacketOutbound$2(NettyChannelProxy.java:266) ~[?:?]
	at com.comphenix.protocol.injector.netty.channel.NettyChannelProxy.processPacketOutbound(NettyChannelProxy.java:268) ~[?:?]
	at com.comphenix.protocol.injector.netty.channel.NettyChannelProxy.writeAndFlush(NettyChannelProxy.java:223) ~[?:?]
	at com.comphenix.protocol.injector.netty.channel.NettyChannelProxy.writeAndFlush(NettyChannelProxy.java:233) ~[?:?]
	at net.minecraft.network.NetworkManager.c(NetworkManager.java:374) ~[spigot-1.21-R0.1-SNAPSHOT.jar:4223-Spigot-146439e-d01c70e]
	at net.minecraft.network.NetworkManager.b(NetworkManager.java:364) ~[spigot-1.21-R0.1-SNAPSHOT.jar:4223-Spigot-146439e-d01c70e]
	at net.minecraft.network.NetworkManager.a(NetworkManager.java:342) ~[spigot-1.21-R0.1-SNAPSHOT.jar:4223-Spigot-146439e-d01c70e]
	at net.minecraft.network.NetworkManager.a(NetworkManager.java:336) ~[spigot-1.21-R0.1-SNAPSHOT.jar:4223-Spigot-146439e-d01c70e]
	at net.minecraft.network.NetworkManager.exceptionCaught(NetworkManager.java:172) ~[spigot-1.21-R0.1-SNAPSHOT.jar:4223-Spigot-146439e-d01c70e]
	at io.netty.channel.AbstractChannelHandlerContext.invokeExceptionCaught(AbstractChannelHandlerContext.java:346) ~[netty-transport-4.1.97.Final.jar:4.1.97.Final]
	at io.netty.channel.AbstractChannelHandlerContext.invokeExceptionCaught(AbstractChannelHandlerContext.java:325) ~[netty-transport-4.1.97.Final.jar:4.1.97.Final]
	at io.netty.channel.AbstractChannelHandlerContext.fireExceptionCaught(AbstractChannelHandlerContext.java:317) ~[netty-transport-4.1.97.Final.jar:4.1.97.Final]
	at io.netty.channel.ChannelHandlerAdapter.exceptionCaught(ChannelHandlerAdapter.java:92) ~[netty-transport-4.1.97.Final.jar:4.1.97.Final]
	at io.github.retrooper.packetevents.injector.handlers.PacketEventsEncoder.exceptionCaught(PacketEventsEncoder.java:128) ~[?:?]
	at io.netty.channel.AbstractChannelHandlerContext.invokeExceptionCaught(AbstractChannelHandlerContext.java:346) ~[netty-transport-4.1.97.Final.jar:4.1.97.Final]
	at io.netty.channel.AbstractChannelHandlerContext.invokeExceptionCaught(AbstractChannelHandlerContext.java:325) ~[netty-transport-4.1.97.Final.jar:4.1.97.Final]
	at io.netty.channel.AbstractChannelHandlerContext.fireExceptionCaught(AbstractChannelHandlerContext.java:317) ~[netty-transport-4.1.97.Final.jar:4.1.97.Final]
	at io.netty.channel.ChannelInboundHandlerAdapter.exceptionCaught(ChannelInboundHandlerAdapter.java:143) ~[netty-transport-4.1.97.Final.jar:4.1.97.Final]
	at io.github.retrooper.packetevents.injector.handlers.PacketEventsDecoder.exceptionCaught(PacketEventsDecoder.java:70) ~[?:?]
	at io.netty.channel.AbstractChannelHandlerContext.invokeExceptionCaught(AbstractChannelHandlerContext.java:346) ~[netty-transport-4.1.97.Final.jar:4.1.97.Final]
	at io.netty.channel.AbstractChannelHandlerContext.invokeExceptionCaught(AbstractChannelHandlerContext.java:325) ~[netty-transport-4.1.97.Final.jar:4.1.97.Final]
	at io.netty.channel.AbstractChannelHandlerContext.fireExceptionCaught(AbstractChannelHandlerContext.java:317) ~[netty-transport-4.1.97.Final.jar:4.1.97.Final]
	at io.netty.channel.DefaultChannelPipeline$HeadContext.exceptionCaught(DefaultChannelPipeline.java:1377) ~[netty-transport-4.1.97.Final.jar:4.1.97.Final]
	at io.netty.channel.AbstractChannelHandlerContext.invokeExceptionCaught(AbstractChannelHandlerContext.java:346) ~[netty-transport-4.1.97.Final.jar:4.1.97.Final]
	at io.netty.channel.AbstractChannelHandlerContext.invokeExceptionCaught(AbstractChannelHandlerContext.java:325) ~[netty-transport-4.1.97.Final.jar:4.1.97.Final]
	at io.netty.channel.DefaultChannelPipeline.fireExceptionCaught(DefaultChannelPipeline.java:907) ~[netty-transport-4.1.97.Final.jar:4.1.97.Final]
	at io.netty.channel.epoll.AbstractEpollStreamChannel$EpollStreamUnsafe.handleReadException(AbstractEpollStreamChannel.java:728) ~[netty-transport-classes-epoll-4.1.97.Final.jar:4.1.97.Final]
	at io.netty.channel.epoll.AbstractEpollStreamChannel$EpollStreamUnsafe.epollInReady(AbstractEpollStreamChannel.java:826) ~[netty-transport-classes-epoll-4.1.97.Final.jar:4.1.97.Final]
	at io.netty.channel.epoll.EpollEventLoop.processReady(EpollEventLoop.java:509) ~[netty-transport-classes-epoll-4.1.97.Final.jar:4.1.97.Final]
	at io.netty.channel.epoll.EpollEventLoop.run(EpollEventLoop.java:407) ~[netty-transport-classes-epoll-4.1.97.Final.jar:4.1.97.Final]
	at io.netty.util.concurrent.SingleThreadEventExecutor$4.run(SingleThreadEventExecutor.java:997) ~[netty-common-4.1.97.Final.jar:4.1.97.Final]
	at io.netty.util.internal.ThreadExecutorMap$2.run(ThreadExecutorMap.java:74) ~[netty-common-4.1.97.Final.jar:4.1.97.Final]
	at java.base/java.lang.Thread.run(Thread.java:1570) [?:?]
[05:13:40] [Craft Scheduler Thread - 12538/INFO]: [Vault] Checking for Updates ... 
[05:13:40] [Craft Scheduler Thread - 12538/INFO]: [Vault] No new version available
[07:23:40] [Craft Scheduler Thread - 12605/INFO]: [MobsToEggs] ----- MTE VERSION CONTROL -----
[07:23:40] [Craft Scheduler Thread - 12605/INFO]: [MobsToEggs] A new version of MobsToEggs is available for download at https://modrinth.com/plugin/mobstoeggs/version/1.7.13
[07:23:40] [Craft Scheduler Thread - 12605/INFO]: [MobsToEggs] Your version: 1.7.11 | New version: 1.7.13
[07:23:40] [Craft Scheduler Thread - 12605/INFO]: [MobsToEggs] ----- MTE VERSION CONTROL -----
[11:13:40] [Craft Scheduler Thread - 12723/INFO]: [Vault] Checking for Updates ... 
[11:13:40] [Craft Scheduler Thread - 12723/INFO]: [Vault] No new version available
[13:14:20] [Netty Epoll Server IO #1/ERROR]: Error sending packet clientbound/minecraft:disconnect
io.netty.handler.codec.EncoderException: Sending unknown packet 'clientbound/minecraft:disconnect'
	at net.minecraft.network.codec.IdDispatchCodec.a(SourceFile:47) ~[spigot-1.21-R0.1-SNAPSHOT.jar:4223-Spigot-146439e-d01c70e]
	at net.minecraft.network.codec.IdDispatchCodec.encode(SourceFile:14) ~[spigot-1.21-R0.1-SNAPSHOT.jar:4223-Spigot-146439e-d01c70e]
	at net.minecraft.network.PacketEncoder.a(SourceFile:26) ~[spigot-1.21-R0.1-SNAPSHOT.jar:4223-Spigot-146439e-d01c70e]
	at net.minecraft.network.PacketEncoder.encode(SourceFile:12) ~[spigot-1.21-R0.1-SNAPSHOT.jar:4223-Spigot-146439e-d01c70e]
	at io.netty.handler.codec.MessageToByteEncoder.write(MessageToByteEncoder.java:107) ~[netty-codec-4.1.97.Final.jar:4.1.97.Final]
	at io.netty.channel.AbstractChannelHandlerContext.invokeWrite0(AbstractChannelHandlerContext.java:881) ~[netty-transport-4.1.97.Final.jar:4.1.97.Final]
	at io.netty.channel.AbstractChannelHandlerContext.invokeWrite(AbstractChannelHandlerContext.java:863) ~[netty-transport-4.1.97.Final.jar:4.1.97.Final]
	at io.netty.channel.AbstractChannelHandlerContext.write(AbstractChannelHandlerContext.java:968) ~[netty-transport-4.1.97.Final.jar:4.1.97.Final]
	at io.netty.channel.AbstractChannelHandlerContext.write(AbstractChannelHandlerContext.java:856) ~[netty-transport-4.1.97.Final.jar:4.1.97.Final]
	at io.netty.handler.codec.MessageToByteEncoder.write(MessageToByteEncoder.java:120) ~[netty-codec-4.1.97.Final.jar:4.1.97.Final]
	at io.netty.channel.AbstractChannelHandlerContext.invokeWrite0(AbstractChannelHandlerContext.java:881) ~[netty-transport-4.1.97.Final.jar:4.1.97.Final]
	at io.netty.channel.AbstractChannelHandlerContext.invokeWrite(AbstractChannelHandlerContext.java:863) ~[netty-transport-4.1.97.Final.jar:4.1.97.Final]
	at io.netty.channel.AbstractChannelHandlerContext.write(AbstractChannelHandlerContext.java:968) ~[netty-transport-4.1.97.Final.jar:4.1.97.Final]
	at io.netty.channel.AbstractChannelHandlerContext.write(AbstractChannelHandlerContext.java:856) ~[netty-transport-4.1.97.Final.jar:4.1.97.Final]
	at io.netty.channel.ChannelOutboundHandlerAdapter.write(ChannelOutboundHandlerAdapter.java:113) ~[netty-transport-4.1.97.Final.jar:4.1.97.Final]
	at net.minecraft.network.NetworkManager$2.write(NetworkManager.java:555) ~[spigot-1.21-R0.1-SNAPSHOT.jar:4223-Spigot-146439e-d01c70e]
	at io.netty.channel.AbstractChannelHandlerContext.invokeWrite0(AbstractChannelHandlerContext.java:881) ~[netty-transport-4.1.97.Final.jar:4.1.97.Final]
	at io.netty.channel.AbstractChannelHandlerContext.invokeWriteAndFlush(AbstractChannelHandlerContext.java:940) ~[netty-transport-4.1.97.Final.jar:4.1.97.Final]
	at io.netty.channel.AbstractChannelHandlerContext.write(AbstractChannelHandlerContext.java:966) ~[netty-transport-4.1.97.Final.jar:4.1.97.Final]
	at io.netty.channel.AbstractChannelHandlerContext.writeAndFlush(AbstractChannelHandlerContext.java:934) ~[netty-transport-4.1.97.Final.jar:4.1.97.Final]
	at io.netty.channel.DefaultChannelPipeline.writeAndFlush(DefaultChannelPipeline.java:1020) ~[netty-transport-4.1.97.Final.jar:4.1.97.Final]
	at io.netty.channel.AbstractChannel.writeAndFlush(AbstractChannel.java:311) ~[netty-transport-4.1.97.Final.jar:4.1.97.Final]
	at com.comphenix.protocol.injector.netty.channel.NettyChannelProxy.lambda$writeAndFlush$1(NettyChannelProxy.java:223) ~[?:?]
	at com.comphenix.protocol.injector.netty.channel.NettyChannelProxy.lambda$processPacketOutbound$2(NettyChannelProxy.java:266) ~[?:?]
	at com.comphenix.protocol.injector.netty.channel.NettyChannelProxy.processPacketOutbound(NettyChannelProxy.java:268) ~[?:?]
	at com.comphenix.protocol.injector.netty.channel.NettyChannelProxy.writeAndFlush(NettyChannelProxy.java:223) ~[?:?]
	at com.comphenix.protocol.injector.netty.channel.NettyChannelProxy.writeAndFlush(NettyChannelProxy.java:233) ~[?:?]
	at net.minecraft.network.NetworkManager.c(NetworkManager.java:374) ~[spigot-1.21-R0.1-SNAPSHOT.jar:4223-Spigot-146439e-d01c70e]
	at net.minecraft.network.NetworkManager.b(NetworkManager.java:364) ~[spigot-1.21-R0.1-SNAPSHOT.jar:4223-Spigot-146439e-d01c70e]
	at net.minecraft.network.NetworkManager.a(NetworkManager.java:342) ~[spigot-1.21-R0.1-SNAPSHOT.jar:4223-Spigot-146439e-d01c70e]
	at net.minecraft.network.NetworkManager.a(NetworkManager.java:336) ~[spigot-1.21-R0.1-SNAPSHOT.jar:4223-Spigot-146439e-d01c70e]
	at net.minecraft.network.NetworkManager.exceptionCaught(NetworkManager.java:172) ~[spigot-1.21-R0.1-SNAPSHOT.jar:4223-Spigot-146439e-d01c70e]
	at io.netty.channel.AbstractChannelHandlerContext.invokeExceptionCaught(AbstractChannelHandlerContext.java:346) ~[netty-transport-4.1.97.Final.jar:4.1.97.Final]
	at io.netty.channel.AbstractChannelHandlerContext.invokeExceptionCaught(AbstractChannelHandlerContext.java:325) ~[netty-transport-4.1.97.Final.jar:4.1.97.Final]
	at io.netty.channel.AbstractChannelHandlerContext.fireExceptionCaught(AbstractChannelHandlerContext.java:317) ~[netty-transport-4.1.97.Final.jar:4.1.97.Final]
	at io.netty.channel.ChannelHandlerAdapter.exceptionCaught(ChannelHandlerAdapter.java:92) ~[netty-transport-4.1.97.Final.jar:4.1.97.Final]
	at io.github.retrooper.packetevents.injector.handlers.PacketEventsEncoder.exceptionCaught(PacketEventsEncoder.java:128) ~[?:?]
	at io.netty.channel.AbstractChannelHandlerContext.invokeExceptionCaught(AbstractChannelHandlerContext.java:346) ~[netty-transport-4.1.97.Final.jar:4.1.97.Final]
	at io.netty.channel.AbstractChannelHandlerContext.invokeExceptionCaught(AbstractChannelHandlerContext.java:325) ~[netty-transport-4.1.97.Final.jar:4.1.97.Final]
	at io.netty.channel.AbstractChannelHandlerContext.fireExceptionCaught(AbstractChannelHandlerContext.java:317) ~[netty-transport-4.1.97.Final.jar:4.1.97.Final]
	at io.netty.channel.ChannelInboundHandlerAdapter.exceptionCaught(ChannelInboundHandlerAdapter.java:143) ~[netty-transport-4.1.97.Final.jar:4.1.97.Final]
	at io.github.retrooper.packetevents.injector.handlers.PacketEventsDecoder.exceptionCaught(PacketEventsDecoder.java:70) ~[?:?]
	at io.netty.channel.AbstractChannelHandlerContext.invokeExceptionCaught(AbstractChannelHandlerContext.java:346) ~[netty-transport-4.1.97.Final.jar:4.1.97.Final]
	at io.netty.channel.AbstractChannelHandlerContext.invokeExceptionCaught(AbstractChannelHandlerContext.java:325) ~[netty-transport-4.1.97.Final.jar:4.1.97.Final]
	at io.netty.channel.AbstractChannelHandlerContext.fireExceptionCaught(AbstractChannelHandlerContext.java:317) ~[netty-transport-4.1.97.Final.jar:4.1.97.Final]
	at io.netty.channel.DefaultChannelPipeline$HeadContext.exceptionCaught(DefaultChannelPipeline.java:1377) ~[netty-transport-4.1.97.Final.jar:4.1.97.Final]
	at io.netty.channel.AbstractChannelHandlerContext.invokeExceptionCaught(AbstractChannelHandlerContext.java:346) ~[netty-transport-4.1.97.Final.jar:4.1.97.Final]
	at io.netty.channel.AbstractChannelHandlerContext.invokeExceptionCaught(AbstractChannelHandlerContext.java:325) ~[netty-transport-4.1.97.Final.jar:4.1.97.Final]
	at io.netty.channel.DefaultChannelPipeline.fireExceptionCaught(DefaultChannelPipeline.java:907) ~[netty-transport-4.1.97.Final.jar:4.1.97.Final]
	at io.netty.channel.epoll.AbstractEpollStreamChannel$EpollStreamUnsafe.handleReadException(AbstractEpollStreamChannel.java:728) ~[netty-transport-classes-epoll-4.1.97.Final.jar:4.1.97.Final]
	at io.netty.channel.epoll.AbstractEpollStreamChannel$EpollStreamUnsafe.epollInReady(AbstractEpollStreamChannel.java:826) ~[netty-transport-classes-epoll-4.1.97.Final.jar:4.1.97.Final]
	at io.netty.channel.epoll.EpollEventLoop.processReady(EpollEventLoop.java:509) ~[netty-transport-classes-epoll-4.1.97.Final.jar:4.1.97.Final]
	at io.netty.channel.epoll.EpollEventLoop.run(EpollEventLoop.java:407) ~[netty-transport-classes-epoll-4.1.97.Final.jar:4.1.97.Final]
	at io.netty.util.concurrent.SingleThreadEventExecutor$4.run(SingleThreadEventExecutor.java:997) ~[netty-common-4.1.97.Final.jar:4.1.97.Final]
	at io.netty.util.internal.ThreadExecutorMap$2.run(ThreadExecutorMap.java:74) ~[netty-common-4.1.97.Final.jar:4.1.97.Final]
	at java.base/java.lang.Thread.run(Thread.java:1570) [?:?]
[13:33:40] [Craft Scheduler Thread - 12842/INFO]: [MobsToEggs] ----- MTE VERSION CONTROL -----
[13:33:40] [Craft Scheduler Thread - 12842/INFO]: [MobsToEggs] A new version of MobsToEggs is available for download at https://modrinth.com/plugin/mobstoeggs/version/1.7.13
[13:33:40] [Craft Scheduler Thread - 12842/INFO]: [MobsToEggs] Your version: 1.7.11 | New version: 1.7.13
[13:33:40] [Craft Scheduler Thread - 12842/INFO]: [MobsToEggs] ----- MTE VERSION CONTROL -----
[17:13:40] [Craft Scheduler Thread - 12963/INFO]: [Vault] Checking for Updates ... 
[17:13:40] [Craft Scheduler Thread - 12963/INFO]: [Vault] No new version available
[19:43:40] [Craft Scheduler Thread - 13061/INFO]: [MobsToEggs] ----- MTE VERSION CONTROL -----
[19:43:40] [Craft Scheduler Thread - 13061/INFO]: [MobsToEggs] A new version of MobsToEggs is available for download at https://modrinth.com/plugin/mobstoeggs/version/1.7.13
[19:43:40] [Craft Scheduler Thread - 13061/INFO]: [MobsToEggs] Your version: 1.7.11 | New version: 1.7.13
[19:43:40] [Craft Scheduler Thread - 13061/INFO]: [MobsToEggs] ----- MTE VERSION CONTROL -----
[21:33:34] [Netty Epoll Server IO #2/ERROR]: Error sending packet clientbound/minecraft:disconnect
io.netty.handler.codec.EncoderException: Sending unknown packet 'clientbound/minecraft:disconnect'
	at net.minecraft.network.codec.IdDispatchCodec.a(SourceFile:47) ~[spigot-1.21-R0.1-SNAPSHOT.jar:4223-Spigot-146439e-d01c70e]
	at net.minecraft.network.codec.IdDispatchCodec.encode(SourceFile:14) ~[spigot-1.21-R0.1-SNAPSHOT.jar:4223-Spigot-146439e-d01c70e]
	at net.minecraft.network.PacketEncoder.a(SourceFile:26) ~[spigot-1.21-R0.1-SNAPSHOT.jar:4223-Spigot-146439e-d01c70e]
	at net.minecraft.network.PacketEncoder.encode(SourceFile:12) ~[spigot-1.21-R0.1-SNAPSHOT.jar:4223-Spigot-146439e-d01c70e]
	at io.netty.handler.codec.MessageToByteEncoder.write(MessageToByteEncoder.java:107) ~[netty-codec-4.1.97.Final.jar:4.1.97.Final]
	at io.netty.channel.AbstractChannelHandlerContext.invokeWrite0(AbstractChannelHandlerContext.java:881) ~[netty-transport-4.1.97.Final.jar:4.1.97.Final]
	at io.netty.channel.AbstractChannelHandlerContext.invokeWrite(AbstractChannelHandlerContext.java:863) ~[netty-transport-4.1.97.Final.jar:4.1.97.Final]
	at io.netty.channel.AbstractChannelHandlerContext.write(AbstractChannelHandlerContext.java:968) ~[netty-transport-4.1.97.Final.jar:4.1.97.Final]
	at io.netty.channel.AbstractChannelHandlerContext.write(AbstractChannelHandlerContext.java:856) ~[netty-transport-4.1.97.Final.jar:4.1.97.Final]
	at io.netty.handler.codec.MessageToByteEncoder.write(MessageToByteEncoder.java:120) ~[netty-codec-4.1.97.Final.jar:4.1.97.Final]
	at io.netty.channel.AbstractChannelHandlerContext.invokeWrite0(AbstractChannelHandlerContext.java:881) ~[netty-transport-4.1.97.Final.jar:4.1.97.Final]
	at io.netty.channel.AbstractChannelHandlerContext.invokeWrite(AbstractChannelHandlerContext.java:863) ~[netty-transport-4.1.97.Final.jar:4.1.97.Final]
	at io.netty.channel.AbstractChannelHandlerContext.write(AbstractChannelHandlerContext.java:968) ~[netty-transport-4.1.97.Final.jar:4.1.97.Final]
	at io.netty.channel.AbstractChannelHandlerContext.write(AbstractChannelHandlerContext.java:856) ~[netty-transport-4.1.97.Final.jar:4.1.97.Final]
	at io.netty.channel.ChannelOutboundHandlerAdapter.write(ChannelOutboundHandlerAdapter.java:113) ~[netty-transport-4.1.97.Final.jar:4.1.97.Final]
	at net.minecraft.network.NetworkManager$2.write(NetworkManager.java:555) ~[spigot-1.21-R0.1-SNAPSHOT.jar:4223-Spigot-146439e-d01c70e]
	at io.netty.channel.AbstractChannelHandlerContext.invokeWrite0(AbstractChannelHandlerContext.java:881) ~[netty-transport-4.1.97.Final.jar:4.1.97.Final]
	at io.netty.channel.AbstractChannelHandlerContext.invokeWriteAndFlush(AbstractChannelHandlerContext.java:940) ~[netty-transport-4.1.97.Final.jar:4.1.97.Final]
	at io.netty.channel.AbstractChannelHandlerContext.write(AbstractChannelHandlerContext.java:966) ~[netty-transport-4.1.97.Final.jar:4.1.97.Final]
	at io.netty.channel.AbstractChannelHandlerContext.writeAndFlush(AbstractChannelHandlerContext.java:934) ~[netty-transport-4.1.97.Final.jar:4.1.97.Final]
	at io.netty.channel.DefaultChannelPipeline.writeAndFlush(DefaultChannelPipeline.java:1020) ~[netty-transport-4.1.97.Final.jar:4.1.97.Final]
	at io.netty.channel.AbstractChannel.writeAndFlush(AbstractChannel.java:311) ~[netty-transport-4.1.97.Final.jar:4.1.97.Final]
	at com.comphenix.protocol.injector.netty.channel.NettyChannelProxy.lambda$writeAndFlush$1(NettyChannelProxy.java:223) ~[?:?]
	at com.comphenix.protocol.injector.netty.channel.NettyChannelProxy.lambda$processPacketOutbound$2(NettyChannelProxy.java:266) ~[?:?]
	at com.comphenix.protocol.injector.netty.channel.NettyChannelProxy.processPacketOutbound(NettyChannelProxy.java:268) ~[?:?]
	at com.comphenix.protocol.injector.netty.channel.NettyChannelProxy.writeAndFlush(NettyChannelProxy.java:223) ~[?:?]
	at com.comphenix.protocol.injector.netty.channel.NettyChannelProxy.writeAndFlush(NettyChannelProxy.java:233) ~[?:?]
	at net.minecraft.network.NetworkManager.c(NetworkManager.java:374) ~[spigot-1.21-R0.1-SNAPSHOT.jar:4223-Spigot-146439e-d01c70e]
	at net.minecraft.network.NetworkManager.b(NetworkManager.java:364) ~[spigot-1.21-R0.1-SNAPSHOT.jar:4223-Spigot-146439e-d01c70e]
	at net.minecraft.network.NetworkManager.a(NetworkManager.java:342) ~[spigot-1.21-R0.1-SNAPSHOT.jar:4223-Spigot-146439e-d01c70e]
	at net.minecraft.network.NetworkManager.a(NetworkManager.java:336) ~[spigot-1.21-R0.1-SNAPSHOT.jar:4223-Spigot-146439e-d01c70e]
	at net.minecraft.network.NetworkManager.exceptionCaught(NetworkManager.java:172) ~[spigot-1.21-R0.1-SNAPSHOT.jar:4223-Spigot-146439e-d01c70e]
	at io.netty.channel.AbstractChannelHandlerContext.invokeExceptionCaught(AbstractChannelHandlerContext.java:346) ~[netty-transport-4.1.97.Final.jar:4.1.97.Final]
	at io.netty.channel.AbstractChannelHandlerContext.invokeExceptionCaught(AbstractChannelHandlerContext.java:325) ~[netty-transport-4.1.97.Final.jar:4.1.97.Final]
	at io.netty.channel.AbstractChannelHandlerContext.fireExceptionCaught(AbstractChannelHandlerContext.java:317) ~[netty-transport-4.1.97.Final.jar:4.1.97.Final]
	at io.netty.channel.ChannelHandlerAdapter.exceptionCaught(ChannelHandlerAdapter.java:92) ~[netty-transport-4.1.97.Final.jar:4.1.97.Final]
	at io.github.retrooper.packetevents.injector.handlers.PacketEventsEncoder.exceptionCaught(PacketEventsEncoder.java:128) ~[?:?]
	at io.netty.channel.AbstractChannelHandlerContext.invokeExceptionCaught(AbstractChannelHandlerContext.java:346) ~[netty-transport-4.1.97.Final.jar:4.1.97.Final]
	at io.netty.channel.AbstractChannelHandlerContext.invokeExceptionCaught(AbstractChannelHandlerContext.java:325) ~[netty-transport-4.1.97.Final.jar:4.1.97.Final]
	at io.netty.channel.AbstractChannelHandlerContext.fireExceptionCaught(AbstractChannelHandlerContext.java:317) ~[netty-transport-4.1.97.Final.jar:4.1.97.Final]
	at io.netty.channel.ChannelInboundHandlerAdapter.exceptionCaught(ChannelInboundHandlerAdapter.java:143) ~[netty-transport-4.1.97.Final.jar:4.1.97.Final]
	at io.github.retrooper.packetevents.injector.handlers.PacketEventsDecoder.exceptionCaught(PacketEventsDecoder.java:70) ~[?:?]
	at io.netty.channel.AbstractChannelHandlerContext.invokeExceptionCaught(AbstractChannelHandlerContext.java:346) ~[netty-transport-4.1.97.Final.jar:4.1.97.Final]
	at io.netty.channel.AbstractChannelHandlerContext.invokeExceptionCaught(AbstractChannelHandlerContext.java:325) ~[netty-transport-4.1.97.Final.jar:4.1.97.Final]
	at io.netty.channel.AbstractChannelHandlerContext.fireExceptionCaught(AbstractChannelHandlerContext.java:317) ~[netty-transport-4.1.97.Final.jar:4.1.97.Final]
	at io.netty.channel.DefaultChannelPipeline$HeadContext.exceptionCaught(DefaultChannelPipeline.java:1377) ~[netty-transport-4.1.97.Final.jar:4.1.97.Final]
	at io.netty.channel.AbstractChannelHandlerContext.invokeExceptionCaught(AbstractChannelHandlerContext.java:346) ~[netty-transport-4.1.97.Final.jar:4.1.97.Final]
	at io.netty.channel.AbstractChannelHandlerContext.invokeExceptionCaught(AbstractChannelHandlerContext.java:325) ~[netty-transport-4.1.97.Final.jar:4.1.97.Final]
	at io.netty.channel.DefaultChannelPipeline.fireExceptionCaught(DefaultChannelPipeline.java:907) ~[netty-transport-4.1.97.Final.jar:4.1.97.Final]
	at io.netty.channel.epoll.AbstractEpollStreamChannel$EpollStreamUnsafe.handleReadException(AbstractEpollStreamChannel.java:728) ~[netty-transport-classes-epoll-4.1.97.Final.jar:4.1.97.Final]
	at io.netty.channel.epoll.AbstractEpollStreamChannel$EpollStreamUnsafe.epollInReady(AbstractEpollStreamChannel.java:826) ~[netty-transport-classes-epoll-4.1.97.Final.jar:4.1.97.Final]
	at io.netty.channel.epoll.EpollEventLoop.processReady(EpollEventLoop.java:509) ~[netty-transport-classes-epoll-4.1.97.Final.jar:4.1.97.Final]
	at io.netty.channel.epoll.EpollEventLoop.run(EpollEventLoop.java:407) ~[netty-transport-classes-epoll-4.1.97.Final.jar:4.1.97.Final]
	at io.netty.util.concurrent.SingleThreadEventExecutor$4.run(SingleThreadEventExecutor.java:997) ~[netty-common-4.1.97.Final.jar:4.1.97.Final]
	at io.netty.util.internal.ThreadExecutorMap$2.run(ThreadExecutorMap.java:74) ~[netty-common-4.1.97.Final.jar:4.1.97.Final]
	at java.base/java.lang.Thread.run(Thread.java:1570) [?:?]
[21:59:11] [Server thread/WARN]: Can't keep up! Is the server overloaded? Running 4756ms or 95 ticks behind
[22:00:03] [Server thread/WARN]: Can't keep up! Is the server overloaded? Running 50340ms or 1006 ticks behind
[22:00:29] [Server thread/WARN]: Can't keep up! Is the server overloaded? Running 2867ms or 57 ticks behind
[22:01:30] [Server thread/WARN]: Can't keep up! Is the server overloaded? Running 46315ms or 926 ticks behind
[22:02:28] [spark-async-sampler-worker-thread/WARN]: [spark] Timed out waiting for world statistics
[22:02:32] [Server thread/WARN]: Can't keep up! Is the server overloaded? Running 19908ms or 398 ticks behind
[22:02:50] [Server thread/WARN]: Can't keep up! Is the server overloaded? Running 2867ms or 57 ticks behind
[22:08:10] [Server thread/WARN]: Can't keep up! Is the server overloaded? Running 304621ms or 6092 ticks behind
[22:08:32] [Server thread/WARN]: Can't keep up! Is the server overloaded? Running 2951ms or 59 ticks behind
[22:09:07] [Server thread/WARN]: Can't keep up! Is the server overloaded? Running 2640ms or 52 ticks behind
[22:10:06] [Server thread/WARN]: Can't keep up! Is the server overloaded? Running 2782ms or 55 ticks behind
[22:16:48] [Netty Epoll Server IO #2/ERROR]: Error sending packet clientbound/minecraft:disconnect
io.netty.handler.codec.EncoderException: Sending unknown packet 'clientbound/minecraft:disconnect'
	at net.minecraft.network.codec.IdDispatchCodec.a(SourceFile:47) ~[spigot-1.21-R0.1-SNAPSHOT.jar:4223-Spigot-146439e-d01c70e]
	at net.minecraft.network.codec.IdDispatchCodec.encode(SourceFile:14) ~[spigot-1.21-R0.1-SNAPSHOT.jar:4223-Spigot-146439e-d01c70e]
	at net.minecraft.network.PacketEncoder.a(SourceFile:26) ~[spigot-1.21-R0.1-SNAPSHOT.jar:4223-Spigot-146439e-d01c70e]
	at net.minecraft.network.PacketEncoder.encode(SourceFile:12) ~[spigot-1.21-R0.1-SNAPSHOT.jar:4223-Spigot-146439e-d01c70e]
	at io.netty.handler.codec.MessageToByteEncoder.write(MessageToByteEncoder.java:107) ~[netty-codec-4.1.97.Final.jar:4.1.97.Final]
	at io.netty.channel.AbstractChannelHandlerContext.invokeWrite0(AbstractChannelHandlerContext.java:881) ~[netty-transport-4.1.97.Final.jar:4.1.97.Final]
	at io.netty.channel.AbstractChannelHandlerContext.invokeWrite(AbstractChannelHandlerContext.java:863) ~[netty-transport-4.1.97.Final.jar:4.1.97.Final]
	at io.netty.channel.AbstractChannelHandlerContext.write(AbstractChannelHandlerContext.java:968) ~[netty-transport-4.1.97.Final.jar:4.1.97.Final]
	at io.netty.channel.AbstractChannelHandlerContext.write(AbstractChannelHandlerContext.java:856) ~[netty-transport-4.1.97.Final.jar:4.1.97.Final]
	at io.netty.handler.codec.MessageToByteEncoder.write(MessageToByteEncoder.java:120) ~[netty-codec-4.1.97.Final.jar:4.1.97.Final]
	at io.netty.channel.AbstractChannelHandlerContext.invokeWrite0(AbstractChannelHandlerContext.java:881) ~[netty-transport-4.1.97.Final.jar:4.1.97.Final]
	at io.netty.channel.AbstractChannelHandlerContext.invokeWrite(AbstractChannelHandlerContext.java:863) ~[netty-transport-4.1.97.Final.jar:4.1.97.Final]
	at io.netty.channel.AbstractChannelHandlerContext.write(AbstractChannelHandlerContext.java:968) ~[netty-transport-4.1.97.Final.jar:4.1.97.Final]
	at io.netty.channel.AbstractChannelHandlerContext.write(AbstractChannelHandlerContext.java:856) ~[netty-transport-4.1.97.Final.jar:4.1.97.Final]
	at io.netty.channel.ChannelOutboundHandlerAdapter.write(ChannelOutboundHandlerAdapter.java:113) ~[netty-transport-4.1.97.Final.jar:4.1.97.Final]
	at net.minecraft.network.NetworkManager$2.write(NetworkManager.java:555) ~[spigot-1.21-R0.1-SNAPSHOT.jar:4223-Spigot-146439e-d01c70e]
	at io.netty.channel.AbstractChannelHandlerContext.invokeWrite0(AbstractChannelHandlerContext.java:881) ~[netty-transport-4.1.97.Final.jar:4.1.97.Final]
	at io.netty.channel.AbstractChannelHandlerContext.invokeWriteAndFlush(AbstractChannelHandlerContext.java:940) ~[netty-transport-4.1.97.Final.jar:4.1.97.Final]
	at io.netty.channel.AbstractChannelHandlerContext.write(AbstractChannelHandlerContext.java:966) ~[netty-transport-4.1.97.Final.jar:4.1.97.Final]
	at io.netty.channel.AbstractChannelHandlerContext.writeAndFlush(AbstractChannelHandlerContext.java:934) ~[netty-transport-4.1.97.Final.jar:4.1.97.Final]
	at io.netty.channel.DefaultChannelPipeline.writeAndFlush(DefaultChannelPipeline.java:1020) ~[netty-transport-4.1.97.Final.jar:4.1.97.Final]
	at io.netty.channel.AbstractChannel.writeAndFlush(AbstractChannel.java:311) ~[netty-transport-4.1.97.Final.jar:4.1.97.Final]
	at com.comphenix.protocol.injector.netty.channel.NettyChannelProxy.lambda$writeAndFlush$1(NettyChannelProxy.java:223) ~[?:?]
	at com.comphenix.protocol.injector.netty.channel.NettyChannelProxy.lambda$processPacketOutbound$2(NettyChannelProxy.java:266) ~[?:?]
	at com.comphenix.protocol.injector.netty.channel.NettyChannelProxy.processPacketOutbound(NettyChannelProxy.java:268) ~[?:?]
	at com.comphenix.protocol.injector.netty.channel.NettyChannelProxy.writeAndFlush(NettyChannelProxy.java:223) ~[?:?]
	at com.comphenix.protocol.injector.netty.channel.NettyChannelProxy.writeAndFlush(NettyChannelProxy.java:233) ~[?:?]
	at net.minecraft.network.NetworkManager.c(NetworkManager.java:374) ~[spigot-1.21-R0.1-SNAPSHOT.jar:4223-Spigot-146439e-d01c70e]
	at net.minecraft.network.NetworkManager.b(NetworkManager.java:364) ~[spigot-1.21-R0.1-SNAPSHOT.jar:4223-Spigot-146439e-d01c70e]
	at net.minecraft.network.NetworkManager.a(NetworkManager.java:342) ~[spigot-1.21-R0.1-SNAPSHOT.jar:4223-Spigot-146439e-d01c70e]
	at net.minecraft.network.NetworkManager.a(NetworkManager.java:336) ~[spigot-1.21-R0.1-SNAPSHOT.jar:4223-Spigot-146439e-d01c70e]
	at net.minecraft.network.NetworkManager.exceptionCaught(NetworkManager.java:172) ~[spigot-1.21-R0.1-SNAPSHOT.jar:4223-Spigot-146439e-d01c70e]
	at io.netty.channel.AbstractChannelHandlerContext.invokeExceptionCaught(AbstractChannelHandlerContext.java:346) ~[netty-transport-4.1.97.Final.jar:4.1.97.Final]
	at io.netty.channel.AbstractChannelHandlerContext.invokeExceptionCaught(AbstractChannelHandlerContext.java:325) ~[netty-transport-4.1.97.Final.jar:4.1.97.Final]
	at io.netty.channel.AbstractChannelHandlerContext.fireExceptionCaught(AbstractChannelHandlerContext.java:317) ~[netty-transport-4.1.97.Final.jar:4.1.97.Final]
	at io.netty.channel.ChannelHandlerAdapter.exceptionCaught(ChannelHandlerAdapter.java:92) ~[netty-transport-4.1.97.Final.jar:4.1.97.Final]
	at io.github.retrooper.packetevents.injector.handlers.PacketEventsEncoder.exceptionCaught(PacketEventsEncoder.java:128) ~[?:?]
	at io.netty.channel.AbstractChannelHandlerContext.invokeExceptionCaught(AbstractChannelHandlerContext.java:346) ~[netty-transport-4.1.97.Final.jar:4.1.97.Final]
	at io.netty.channel.AbstractChannelHandlerContext.invokeExceptionCaught(AbstractChannelHandlerContext.java:325) ~[netty-transport-4.1.97.Final.jar:4.1.97.Final]
	at io.netty.channel.AbstractChannelHandlerContext.fireExceptionCaught(AbstractChannelHandlerContext.java:317) ~[netty-transport-4.1.97.Final.jar:4.1.97.Final]
	at io.netty.channel.ChannelInboundHandlerAdapter.exceptionCaught(ChannelInboundHandlerAdapter.java:143) ~[netty-transport-4.1.97.Final.jar:4.1.97.Final]
	at io.github.retrooper.packetevents.injector.handlers.PacketEventsDecoder.exceptionCaught(PacketEventsDecoder.java:70) ~[?:?]
	at io.netty.channel.AbstractChannelHandlerContext.invokeExceptionCaught(AbstractChannelHandlerContext.java:346) ~[netty-transport-4.1.97.Final.jar:4.1.97.Final]
	at io.netty.channel.AbstractChannelHandlerContext.invokeExceptionCaught(AbstractChannelHandlerContext.java:325) ~[netty-transport-4.1.97.Final.jar:4.1.97.Final]
	at io.netty.channel.AbstractChannelHandlerContext.fireExceptionCaught(AbstractChannelHandlerContext.java:317) ~[netty-transport-4.1.97.Final.jar:4.1.97.Final]
	at io.netty.channel.DefaultChannelPipeline$HeadContext.exceptionCaught(DefaultChannelPipeline.java:1377) ~[netty-transport-4.1.97.Final.jar:4.1.97.Final]
	at io.netty.channel.AbstractChannelHandlerContext.invokeExceptionCaught(AbstractChannelHandlerContext.java:346) ~[netty-transport-4.1.97.Final.jar:4.1.97.Final]
	at io.netty.channel.AbstractChannelHandlerContext.invokeExceptionCaught(AbstractChannelHandlerContext.java:325) ~[netty-transport-4.1.97.Final.jar:4.1.97.Final]
	at io.netty.channel.DefaultChannelPipeline.fireExceptionCaught(DefaultChannelPipeline.java:907) ~[netty-transport-4.1.97.Final.jar:4.1.97.Final]
	at io.netty.channel.epoll.AbstractEpollStreamChannel$EpollStreamUnsafe.handleReadException(AbstractEpollStreamChannel.java:728) ~[netty-transport-classes-epoll-4.1.97.Final.jar:4.1.97.Final]
	at io.netty.channel.epoll.AbstractEpollStreamChannel$EpollStreamUnsafe.epollInReady(AbstractEpollStreamChannel.java:826) ~[netty-transport-classes-epoll-4.1.97.Final.jar:4.1.97.Final]
	at io.netty.channel.epoll.EpollEventLoop.processReady(EpollEventLoop.java:509) ~[netty-transport-classes-epoll-4.1.97.Final.jar:4.1.97.Final]
	at io.netty.channel.epoll.EpollEventLoop.run(EpollEventLoop.java:407) ~[netty-transport-classes-epoll-4.1.97.Final.jar:4.1.97.Final]
	at io.netty.util.concurrent.SingleThreadEventExecutor$4.run(SingleThreadEventExecutor.java:997) ~[netty-common-4.1.97.Final.jar:4.1.97.Final]
	at io.netty.util.internal.ThreadExecutorMap$2.run(ThreadExecutorMap.java:74) ~[netty-common-4.1.97.Final.jar:4.1.97.Final]
	at java.base/java.lang.Thread.run(Thread.java:1570) [?:?]
[22:19:18] [Server thread/WARN]: Can't keep up! Is the server overloaded? Running 2561ms or 51 ticks behind
[22:19:47] [Server thread/WARN]: Can't keep up! Is the server overloaded? Running 36411ms or 728 ticks behind
[22:20:33] [Server thread/WARN]: Can't keep up! Is the server overloaded? Running 3405ms or 68 ticks behind
[22:21:43] [Server thread/WARN]: Can't keep up! Is the server overloaded? Running 6817ms or 136 ticks behind
[22:22:45] [Server thread/WARN]: Can't keep up! Is the server overloaded? Running 54962ms or 1099 ticks behind
[22:29:11] [Server thread/WARN]: Can't keep up! Is the server overloaded? Running 6164ms or 123 ticks behind
[22:30:09] [Server thread/WARN]: Can't keep up! Is the server overloaded? Running 54400ms or 1088 ticks behind
[22:59:13] [Server thread/WARN]: Can't keep up! Is the server overloaded? Running 19629ms or 392 ticks behind
[22:59:43] [Server thread/WARN]: Can't keep up! Is the server overloaded? Running 11939ms or 238 ticks behind
[23:00:03] [Server thread/WARN]: Can't keep up! Is the server overloaded? Running 5053ms or 101 ticks behind
[23:23:34] [Netty Epoll Server IO #2/ERROR]: Error sending packet clientbound/minecraft:disconnect
io.netty.handler.codec.EncoderException: Sending unknown packet 'clientbound/minecraft:disconnect'
	at net.minecraft.network.codec.IdDispatchCodec.a(SourceFile:47) ~[spigot-1.21-R0.1-SNAPSHOT.jar:4223-Spigot-146439e-d01c70e]
	at net.minecraft.network.codec.IdDispatchCodec.encode(SourceFile:14) ~[spigot-1.21-R0.1-SNAPSHOT.jar:4223-Spigot-146439e-d01c70e]
	at net.minecraft.network.PacketEncoder.a(SourceFile:26) ~[spigot-1.21-R0.1-SNAPSHOT.jar:4223-Spigot-146439e-d01c70e]
	at net.minecraft.network.PacketEncoder.encode(SourceFile:12) ~[spigot-1.21-R0.1-SNAPSHOT.jar:4223-Spigot-146439e-d01c70e]
	at io.netty.handler.codec.MessageToByteEncoder.write(MessageToByteEncoder.java:107) ~[netty-codec-4.1.97.Final.jar:4.1.97.Final]
	at io.netty.channel.AbstractChannelHandlerContext.invokeWrite0(AbstractChannelHandlerContext.java:881) ~[netty-transport-4.1.97.Final.jar:4.1.97.Final]
	at io.netty.channel.AbstractChannelHandlerContext.invokeWrite(AbstractChannelHandlerContext.java:863) ~[netty-transport-4.1.97.Final.jar:4.1.97.Final]
	at io.netty.channel.AbstractChannelHandlerContext.write(AbstractChannelHandlerContext.java:968) ~[netty-transport-4.1.97.Final.jar:4.1.97.Final]
	at io.netty.channel.AbstractChannelHandlerContext.write(AbstractChannelHandlerContext.java:856) ~[netty-transport-4.1.97.Final.jar:4.1.97.Final]
	at io.netty.handler.codec.MessageToByteEncoder.write(MessageToByteEncoder.java:120) ~[netty-codec-4.1.97.Final.jar:4.1.97.Final]
	at io.netty.channel.AbstractChannelHandlerContext.invokeWrite0(AbstractChannelHandlerContext.java:881) ~[netty-transport-4.1.97.Final.jar:4.1.97.Final]
	at io.netty.channel.AbstractChannelHandlerContext.invokeWrite(AbstractChannelHandlerContext.java:863) ~[netty-transport-4.1.97.Final.jar:4.1.97.Final]
	at io.netty.channel.AbstractChannelHandlerContext.write(AbstractChannelHandlerContext.java:968) ~[netty-transport-4.1.97.Final.jar:4.1.97.Final]
	at io.netty.channel.AbstractChannelHandlerContext.write(AbstractChannelHandlerContext.java:856) ~[netty-transport-4.1.97.Final.jar:4.1.97.Final]
	at io.netty.channel.ChannelOutboundHandlerAdapter.write(ChannelOutboundHandlerAdapter.java:113) ~[netty-transport-4.1.97.Final.jar:4.1.97.Final]
	at net.minecraft.network.NetworkManager$2.write(NetworkManager.java:555) ~[spigot-1.21-R0.1-SNAPSHOT.jar:4223-Spigot-146439e-d01c70e]
	at io.netty.channel.AbstractChannelHandlerContext.invokeWrite0(AbstractChannelHandlerContext.java:881) ~[netty-transport-4.1.97.Final.jar:4.1.97.Final]
	at io.netty.channel.AbstractChannelHandlerContext.invokeWriteAndFlush(AbstractChannelHandlerContext.java:940) ~[netty-transport-4.1.97.Final.jar:4.1.97.Final]
	at io.netty.channel.AbstractChannelHandlerContext.write(AbstractChannelHandlerContext.java:966) ~[netty-transport-4.1.97.Final.jar:4.1.97.Final]
	at io.netty.channel.AbstractChannelHandlerContext.writeAndFlush(AbstractChannelHandlerContext.java:934) ~[netty-transport-4.1.97.Final.jar:4.1.97.Final]
	at io.netty.channel.DefaultChannelPipeline.writeAndFlush(DefaultChannelPipeline.java:1020) ~[netty-transport-4.1.97.Final.jar:4.1.97.Final]
	at io.netty.channel.AbstractChannel.writeAndFlush(AbstractChannel.java:311) ~[netty-transport-4.1.97.Final.jar:4.1.97.Final]
	at com.comphenix.protocol.injector.netty.channel.NettyChannelProxy.lambda$writeAndFlush$1(NettyChannelProxy.java:223) ~[?:?]
	at com.comphenix.protocol.injector.netty.channel.NettyChannelProxy.lambda$processPacketOutbound$2(NettyChannelProxy.java:266) ~[?:?]
	at com.comphenix.protocol.injector.netty.channel.NettyChannelProxy.processPacketOutbound(NettyChannelProxy.java:268) ~[?:?]
	at com.comphenix.protocol.injector.netty.channel.NettyChannelProxy.writeAndFlush(NettyChannelProxy.java:223) ~[?:?]
	at com.comphenix.protocol.injector.netty.channel.NettyChannelProxy.writeAndFlush(NettyChannelProxy.java:233) ~[?:?]
	at net.minecraft.network.NetworkManager.c(NetworkManager.java:374) ~[spigot-1.21-R0.1-SNAPSHOT.jar:4223-Spigot-146439e-d01c70e]
	at net.minecraft.network.NetworkManager.b(NetworkManager.java:364) ~[spigot-1.21-R0.1-SNAPSHOT.jar:4223-Spigot-146439e-d01c70e]
	at net.minecraft.network.NetworkManager.a(NetworkManager.java:342) ~[spigot-1.21-R0.1-SNAPSHOT.jar:4223-Spigot-146439e-d01c70e]
	at net.minecraft.network.NetworkManager.a(NetworkManager.java:336) ~[spigot-1.21-R0.1-SNAPSHOT.jar:4223-Spigot-146439e-d01c70e]
	at net.minecraft.network.NetworkManager.exceptionCaught(NetworkManager.java:172) ~[spigot-1.21-R0.1-SNAPSHOT.jar:4223-Spigot-146439e-d01c70e]
	at io.netty.channel.AbstractChannelHandlerContext.invokeExceptionCaught(AbstractChannelHandlerContext.java:346) ~[netty-transport-4.1.97.Final.jar:4.1.97.Final]
	at io.netty.channel.AbstractChannelHandlerContext.invokeExceptionCaught(AbstractChannelHandlerContext.java:325) ~[netty-transport-4.1.97.Final.jar:4.1.97.Final]
	at io.netty.channel.AbstractChannelHandlerContext.fireExceptionCaught(AbstractChannelHandlerContext.java:317) ~[netty-transport-4.1.97.Final.jar:4.1.97.Final]
	at io.netty.channel.ChannelHandlerAdapter.exceptionCaught(ChannelHandlerAdapter.java:92) ~[netty-transport-4.1.97.Final.jar:4.1.97.Final]
	at io.github.retrooper.packetevents.injector.handlers.PacketEventsEncoder.exceptionCaught(PacketEventsEncoder.java:128) ~[?:?]
	at io.netty.channel.AbstractChannelHandlerContext.invokeExceptionCaught(AbstractChannelHandlerContext.java:346) ~[netty-transport-4.1.97.Final.jar:4.1.97.Final]
	at io.netty.channel.AbstractChannelHandlerContext.invokeExceptionCaught(AbstractChannelHandlerContext.java:325) ~[netty-transport-4.1.97.Final.jar:4.1.97.Final]
	at io.netty.channel.AbstractChannelHandlerContext.fireExceptionCaught(AbstractChannelHandlerContext.java:317) ~[netty-transport-4.1.97.Final.jar:4.1.97.Final]
	at io.netty.channel.ChannelInboundHandlerAdapter.exceptionCaught(ChannelInboundHandlerAdapter.java:143) ~[netty-transport-4.1.97.Final.jar:4.1.97.Final]
	at io.github.retrooper.packetevents.injector.handlers.PacketEventsDecoder.exceptionCaught(PacketEventsDecoder.java:70) ~[?:?]
	at io.netty.channel.AbstractChannelHandlerContext.invokeExceptionCaught(AbstractChannelHandlerContext.java:346) ~[netty-transport-4.1.97.Final.jar:4.1.97.Final]
	at io.netty.channel.AbstractChannelHandlerContext.invokeExceptionCaught(AbstractChannelHandlerContext.java:325) ~[netty-transport-4.1.97.Final.jar:4.1.97.Final]
	at io.netty.channel.AbstractChannelHandlerContext.fireExceptionCaught(AbstractChannelHandlerContext.java:317) ~[netty-transport-4.1.97.Final.jar:4.1.97.Final]
	at io.netty.channel.DefaultChannelPipeline$HeadContext.exceptionCaught(DefaultChannelPipeline.java:1377) ~[netty-transport-4.1.97.Final.jar:4.1.97.Final]
	at io.netty.channel.AbstractChannelHandlerContext.invokeExceptionCaught(AbstractChannelHandlerContext.java:346) ~[netty-transport-4.1.97.Final.jar:4.1.97.Final]
	at io.netty.channel.AbstractChannelHandlerContext.invokeExceptionCaught(AbstractChannelHandlerContext.java:325) ~[netty-transport-4.1.97.Final.jar:4.1.97.Final]
	at io.netty.channel.DefaultChannelPipeline.fireExceptionCaught(DefaultChannelPipeline.java:907) ~[netty-transport-4.1.97.Final.jar:4.1.97.Final]
	at io.netty.channel.epoll.AbstractEpollStreamChannel$EpollStreamUnsafe.handleReadException(AbstractEpollStreamChannel.java:728) ~[netty-transport-classes-epoll-4.1.97.Final.jar:4.1.97.Final]
	at io.netty.channel.epoll.AbstractEpollStreamChannel$EpollStreamUnsafe.epollInReady(AbstractEpollStreamChannel.java:826) ~[netty-transport-classes-epoll-4.1.97.Final.jar:4.1.97.Final]
	at io.netty.channel.epoll.EpollEventLoop.processReady(EpollEventLoop.java:509) ~[netty-transport-classes-epoll-4.1.97.Final.jar:4.1.97.Final]
	at io.netty.channel.epoll.EpollEventLoop.run(EpollEventLoop.java:407) ~[netty-transport-classes-epoll-4.1.97.Final.jar:4.1.97.Final]
	at io.netty.util.concurrent.SingleThreadEventExecutor$4.run(SingleThreadEventExecutor.java:997) ~[netty-common-4.1.97.Final.jar:4.1.97.Final]
	at io.netty.util.internal.ThreadExecutorMap$2.run(ThreadExecutorMap.java:74) ~[netty-common-4.1.97.Final.jar:4.1.97.Final]
	at java.base/java.lang.Thread.run(Thread.java:1570) [?:?]
[23:24:21] [Craft Scheduler Thread - 13227/INFO]: [Vault] Checking for Updates ... 
[23:24:21] [Craft Scheduler Thread - 13227/INFO]: [Vault] No new version available
[23:38:56] [Server thread/WARN]: Can't keep up! Is the server overloaded? Running 2852ms or 57 ticks behind
[23:39:56] [Server thread/WARN]: Can't keep up! Is the server overloaded? Running 45141ms or 902 ticks behind
[23:41:16] [Spigot Watchdog Thread/ERROR]: ------------------------------
[23:41:16] [Spigot Watchdog Thread/ERROR]: The server has stopped responding! This is (probably) not a Spigot bug.
[23:41:16] [Spigot Watchdog Thread/ERROR]: If you see a plugin in the Server thread dump below, then please report it to that author
[23:41:16] [Spigot Watchdog Thread/ERROR]: 	 *Especially* if it looks like HTTP or MySQL operations are occurring
[23:41:16] [Spigot Watchdog Thread/ERROR]: If you see a world save or edit, then it means you did far more than your server can handle at once
[23:41:16] [Spigot Watchdog Thread/ERROR]: 	 If this is the case, consider increasing timeout-time in spigot.yml but note that this will replace the crash with LARGE lag spikes
[23:41:16] [Spigot Watchdog Thread/ERROR]: If you are unsure or still think this is a Spigot bug, please report to https://www.spigotmc.org/
[23:41:16] [Spigot Watchdog Thread/ERROR]: Be sure to include ALL relevant console errors and Minecraft crash reports
[23:41:25] [spark-async-sampler-worker-thread/WARN]: [spark] Timed out waiting for world statistics
[23:41:27] [Spigot Watchdog Thread/ERROR]: Spigot version: 4223-Spigot-146439e-d01c70e (MC: 1.21)
[23:41:27] [Spigot Watchdog Thread/ERROR]: ------------------------------
[23:41:27] [Spigot Watchdog Thread/ERROR]: Server thread dump (Look for plugins here before reporting to Spigot!):
[23:41:35] [Spigot Watchdog Thread/ERROR]: ------------------------------
[23:41:35] [Server thread/WARN]: Can't keep up! Is the server overloaded? Running 83887ms or 1677 ticks behind
[23:41:36] [Spigot Watchdog Thread/ERROR]: Current Thread: Server thread
[23:42:24] [Server thread/WARN]: Can't keep up! Is the server overloaded? Running 6212ms or 124 ticks behind
[23:43:47] [Server thread/WARN]: Can't keep up! Is the server overloaded? Running 67724ms or 1354 ticks behind
[23:44:08] [Server thread/WARN]: Can't keep up! Is the server overloaded? Running 5761ms or 115 ticks behind
[23:44:26] [Server thread/WARN]: Can't keep up! Is the server overloaded? Running 3032ms or 60 ticks behind
[23:44:55] [Server thread/WARN]: Can't keep up! Is the server overloaded? Running 2690ms or 53 ticks behind
[23:46:00] [Server thread/WARN]: Can't keep up! Is the server overloaded? Running 2505ms or 50 ticks behind
[23:46:41] [Spigot Watchdog Thread/ERROR]: 	PID: 36 | Suspended: false | Native: false | State: RUNNABLE
[23:46:45] [Spigot Watchdog Thread/ERROR]: 	Stack:
[23:46:50] [Spigot Watchdog Thread/ERROR]: 		java.base@22.0.1/java.security.AccessController.getStackAccessControlContext(Native Method)
[23:46:50] [Spigot Watchdog Thread/ERROR]: 		java.base@22.0.1/java.security.AccessController.getContext(AccessController.java:1020)
[23:46:50] [Spigot Watchdog Thread/ERROR]: 		java.base@22.0.1/java.lang.Thread.<init>(Thread.java:728)
[23:46:50] [Spigot Watchdog Thread/ERROR]: 		java.base@22.0.1/java.lang.Thread.<init>(Thread.java:1398)
[23:46:50] [Spigot Watchdog Thread/ERROR]: 		java.base@22.0.1/java.util.concurrent.Executors$DefaultThreadFactory.newThread(Executors.java:693)
[23:46:50] [Spigot Watchdog Thread/ERROR]: 		com.google.common.util.concurrent.ThreadFactoryBuilder$1.newThread(ThreadFactoryBuilder.java:173)
[23:46:50] [Spigot Watchdog Thread/ERROR]: 		java.base@22.0.1/java.util.concurrent.ThreadPoolExecutor$Worker.<init>(ThreadPoolExecutor.java:637)
[23:46:50] [Spigot Watchdog Thread/ERROR]: 		java.base@22.0.1/java.util.concurrent.ThreadPoolExecutor.addWorker(ThreadPoolExecutor.java:928)
[23:46:50] [Spigot Watchdog Thread/ERROR]: 		java.base@22.0.1/java.util.concurrent.ThreadPoolExecutor.execute(ThreadPoolExecutor.java:1375)
[23:46:50] [Spigot Watchdog Thread/ERROR]: 		org.bukkit.craftbukkit.v1_21_R1.scheduler.CraftScheduler.mainThreadHeartbeat(CraftScheduler.java:431)
[23:46:50] [Spigot Watchdog Thread/ERROR]: 		net.minecraft.server.MinecraftServer.c(MinecraftServer.java:1425)
[23:46:50] [Spigot Watchdog Thread/ERROR]: 		net.minecraft.server.dedicated.DedicatedServer.c(DedicatedServer.java:406)
[23:46:50] [Spigot Watchdog Thread/ERROR]: 		net.minecraft.server.MinecraftServer.a(MinecraftServer.java:1321)
[23:46:50] [Spigot Watchdog Thread/ERROR]: 		net.minecraft.server.MinecraftServer.y(MinecraftServer.java:1071)
[23:46:50] [Spigot Watchdog Thread/ERROR]: 		net.minecraft.server.MinecraftServer.lambda$spin$0(MinecraftServer.java:318)
[23:46:50] [Spigot Watchdog Thread/ERROR]: 		net.minecraft.server.MinecraftServer$$Lambda/0x00007fc50bb506e0.run(Unknown Source)
[23:46:51] [Spigot Watchdog Thread/ERROR]: 		java.base@22.0.1/java.lang.Thread.runWith(Thread.java:1583)
[23:46:51] [Spigot Watchdog Thread/ERROR]: 		java.base@22.0.1/java.lang.Thread.run(Thread.java:1570)
[23:46:51] [Spigot Watchdog Thread/ERROR]: ------------------------------
[23:46:51] [Spigot Watchdog Thread/ERROR]: Entire Thread Dump:
[23:46:56] [Server thread/WARN]: Can't keep up! Is the server overloaded? Running 3856ms or 77 ticks behind
